<?xml version="1.0" encoding="UTF-8"?>
<!-- Generated by org.testng.reporters.JUnitXMLReporter -->
<testsuite hostname="CM-IND-RENT-LAP-008" ignored="0" name="Regression" tests="2" failures="0" timestamp="29 Nov 2020 09:58:59 GMT" time="0.096" errors="0">
  <testcase name="halfEbayRegTest" time="0.0" classname="examplepackage.HalEbayDayTest">
    <skipped/>
  </testcase> <!-- halfEbayRegTest -->
  <testcase name="ma" time="0.008" classname="sample.InvocationTest"/>
</testsuite> <!-- Regression -->
